<?xml version="1.0" encoding="UTF-8"?>
<testsuite xmlns:xsi="http://www.w3.org/2001/XMLSchema-instance" xsi:noNamespaceSchemaLocation="https://maven.apache.org/surefire/maven-surefire-plugin/xsd/surefire-test-report-3.0.xsd" version="3.0" name="com.tubes.cart.CartServiceFailureTest" time="0.059" tests="3" errors="0" skipped="0" failures="0">
  <properties>
[...]
</properties>
  <testcase name="addingNegativeQuantity_resultsInNegativeSubtotal" classname="com.tubes.cart.CartServiceFailureTest" time="0.032"/>
  <testcase name="sumDouble_withThrowingMapper_propagatesException" classname="com.tubes.cart.CartServiceFailureTest" time="0.003"/>
  <testcase name="addingNullMenu_leadsToNullPointerWhenSubtotalAccessed" classname="com.tubes.cart.CartServiceFailureTest" time="0.001"/>
</testsuite>